<?xml version="1.0" encoding="UTF-8"?>
<!-- Generated by org.testng.reporters.JUnitReportReporter -->
<testsuite hostname="DESKTOP-IA0DLJF" name="com.pulse.Test.ValidLogin" tests="2" failures="0" timestamp="20 Jan 2019 15:03:57 GMT" time="186.905" errors="0">
  <testcase name="TC2" time="45.719" classname="com.pulse.Test.ValidLogin"/>
  <testcase name="TC1" time="141.186" classname="com.pulse.Test.ValidLogin"/>
</testsuite> <!-- com.pulse.Test.ValidLogin -->
