<?xml version="1.0" encoding="UTF-8"?>
<!-- Generated by org.testng.reporters.JUnitReportReporter -->
<testsuite hostname="DESKTOP-IA0DLJF" name="com.pulse.Test.ValidLogin2" tests="2" failures="0" timestamp="20 Jan 2019 15:03:57 GMT" time="201.097" errors="0">
  <testcase name="TC3" time="14.228" classname="com.pulse.Test.ValidLogin2"/>
  <testcase name="TC4" time="186.869" classname="com.pulse.Test.ValidLogin2"/>
</testsuite> <!-- com.pulse.Test.ValidLogin2 -->
