<?xml version="1.0" encoding="UTF-8"?>
<!-- Generated by org.testng.reporters.JUnitReportReporter -->
<testsuite hostname="DESKTOP-IA0DLJF" name="com.pulse.Test.ValidLogin3" tests="2" failures="0" timestamp="20 Jan 2019 15:03:57 GMT" time="186.874" errors="0">
  <testcase name="TC5" time="141.186" classname="com.pulse.Test.ValidLogin3"/>
  <testcase name="TC6" time="45.688" classname="com.pulse.Test.ValidLogin3"/>
</testsuite> <!-- com.pulse.Test.ValidLogin3 -->
